<?xml version="1.0" encoding="UTF-8"?>
<!-- Generated by org.testng.reporters.JUnitReportReporter -->
<testsuite skipped="0" hostname="DESKTOP-8OCJ81M" name="framework.Tc002" tests="1" failures="0" timestamp="25 Jan 2019 01:34:25 GMT" time="6.108" errors="0">
  <testcase name="driver" time="6.108" classname="framework.Tc002"/>
</testsuite> <!-- framework.Tc002 -->
