<?xml version="1.0" encoding="UTF-8"?>
<!-- Generated by org.testng.reporters.JUnitReportReporter -->
<testsuite skipped="0" hostname="DESKTOP-8OCJ81M" name="framework.Tc001" tests="1" failures="0" timestamp="25 Jan 2019 01:32:32 GMT" time="7.135" errors="0">
  <testcase name="driver" time="7.135" classname="framework.Tc001"/>
</testsuite> <!-- framework.Tc001 -->
